<?xml version="1.0" encoding="UTF-8"?>
<testsuite name="io.jmother.core.fixture.LocationTest" tests="3" skipped="0" failures="0" errors="0" timestamp="2017-08-15T12:51:10" hostname="Keepcosmos-2" time="0.003">
  <properties/>
  <testcase name="testDefaultScheme" classname="io.jmother.core.fixture.LocationTest" time="0.002"/>
  <testcase name="testFilesystemScheme" classname="io.jmother.core.fixture.LocationTest" time="0.001"/>
  <testcase name="testClasspathScheme" classname="io.jmother.core.fixture.LocationTest" time="0.0"/>
  <system-out><![CDATA[]]></system-out>
  <system-err><![CDATA[]]></system-err>
</testsuite>
